<?xml version="1.0" encoding="utf-8"?><testsuites><testsuite errors="0" failures="0" hostname="WXING-F" name="pytest" skipped="0" tests="3" time="102.174" timestamp="2020-03-18T15:00:01.775415"><testcase classname="bdd_steps" file="..\venv\lib\site-packages\pytest_bdd\scenario.py" line="224" name="test_login_with_wrong_password_part_2[https://multi.oceaview.com:8081-&lt;default&gt;-&lt;default&gt;]" time="27.327"></testcase><testcase classname="bdd_steps" file="..\venv\lib\site-packages\pytest_bdd\scenario.py" line="224" name="test_login_with_wrong_password_part_2[https://multi.oceaview.com:8081-xxx-ddd]" time="28.088"></testcase><testcase classname="bdd_steps" file="..\venv\lib\site-packages\pytest_bdd\scenario.py" line="224" name="test_login_with_wrong_password_part_2[https://multi.oceaview.com:8081-yyy-ttt]" time="46.645"></testcase></testsuite></testsuites>